[debug] [2021-05-25T14:27:15.984Z] ----------------------------------------------------------------------
[debug] [2021-05-25T14:27:15.986Z] Command:       /usr/bin/node /usr/bin/firebase init
[debug] [2021-05-25T14:27:15.986Z] CLI Version:   9.11.0
[debug] [2021-05-25T14:27:15.986Z] Platform:      linux
[debug] [2021-05-25T14:27:15.986Z] Node Version:  v14.17.0
[debug] [2021-05-25T14:27:15.987Z] Time:          Tue May 25 2021 09:27:15 GMT-0500 (Central Daylight Time)
[debug] [2021-05-25T14:27:15.987Z] ----------------------------------------------------------------------
[debug] 
[debug] [2021-05-25T14:27:15.990Z] > command requires scopes: ["email","openid","https://www.googleapis.com/auth/cloudplatformprojects.readonly","https://www.googleapis.com/auth/firebase","https://www.googleapis.com/auth/cloud-platform"]
[debug] [2021-05-25T14:27:15.990Z] > authorizing via signed-in user (pablourbanohdzvizcarra@gmail.com)
[info] 
     ######## #### ########  ######## ########     ###     ######  ########
     ##        ##  ##     ## ##       ##     ##  ##   ##  ##       ##
     ######    ##  ########  ######   ########  #########  ######  ######
     ##        ##  ##    ##  ##       ##     ## ##     ##       ## ##
     ##       #### ##     ## ######## ########  ##     ##  ######  ########

You're about to initialize a Firebase project in this directory:

  /home/pablo/Code/Client-Server/amazon-clone/amazon-clone-reactjs

[info] 
=== Project Setup
[info] 
[info] First, let's associate this project directory with a Firebase project.
[info] You can create multiple project aliases by running firebase use --add, 
[info] but for now we'll just set up a default project.
[info] 
[debug] [2021-05-25T14:27:28.647Z] >>> [apiv2][query] GET https://firebase.googleapis.com/v1beta1/projects pageSize=100
[debug] [2021-05-25T14:27:29.140Z] <<< [apiv2][status] GET https://firebase.googleapis.com/v1beta1/projects 200
[debug] [2021-05-25T14:27:29.140Z] <<< [apiv2][body] GET https://firebase.googleapis.com/v1beta1/projects [omitted]
[info] i  Using project clone-6e30b (amazon-clone) 
[info] 
=== Hosting Setup
[info] 
[info] Your public directory is the folder (relative to your project directory) that
[info] will contain Hosting assets to be uploaded with firebase deploy. If you
[info] have a build process for your assets, use your build's output directory.
[info] 
[debug] [2021-05-25T14:27:59.117Z] >>> [apiv2][query] GET https://www.gstatic.com/firebasejs/releases.json [none]
[debug] [2021-05-25T14:27:59.209Z] <<< [apiv2][status] GET https://www.gstatic.com/firebasejs/releases.json 200
[debug] [2021-05-25T14:27:59.209Z] <<< [apiv2][body] GET https://www.gstatic.com/firebasejs/releases.json {"current":{"version":"8.6.2","browserURL":"https://www.gstatic.com/firebasejs/8.6.2/firebase.js","packageURL":"https://www.gstatic.com/firebasejs/8.6.2/firebase.tgz"},"live":{"version":"8.6","browserURL":"https://www.gstatic.com/firebasejs/live/8.6/firebase.js","packageURL":"https://www.gstatic.com/firebasejs/live/8.6/firebase.tgz"},"components":{"analytics":"https://www.gstatic.com/firebasejs/8.6.2/firebase-analytics.js","app":"https://www.gstatic.com/firebasejs/8.6.2/firebase-app.js","app-check":"https://www.gstatic.com/firebasejs/8.6.2/firebase-app-check.js","auth":"https://www.gstatic.com/firebasejs/8.6.2/firebase-auth.js","database":"https://www.gstatic.com/firebasejs/8.6.2/firebase-database.js","firestore":"https://www.gstatic.com/firebasejs/8.6.2/firebase-firestore.js","functions":"https://www.gstatic.com/firebasejs/8.6.2/firebase-functions.js","installations":"https://www.gstatic.com/firebasejs/8.6.2/firebase-installations.js","messaging":"https://www.gstatic.com/firebasejs/8.6.2/firebase-messaging.js","storage":"https://www.gstatic.com/firebasejs/8.6.2/firebase-storage.js","performance":"https://www.gstatic.com/firebasejs/8.6.2/firebase-performance.js","remote-config":"https://www.gstatic.com/firebasejs/8.6.2/firebase-remote-config.js","firestore.memory":"https://www.gstatic.com/firebasejs/8.6.2/firebase-firestore.memory.js"}}
[info] ✔  Wrote build/index.html 
[info] 
[info] i  Detected a .git folder at /home/pablo/Code/Client-Server/amazon-clone/amazon-clone-reactjs 
[info] i  Authorizing with GitHub to upload your service account to a GitHub repository's secrets store. 
[info] 
[info] Visit this URL on this device to log in:
[info] https://github.com/login/oauth/authorize?client_id=89cf50f02ac6aaed3484&state=749298633&redirect_uri=http%3A%2F%2Flocalhost%3A9005&scope=read%3Auser%20repo%20public_repo
[info] 
[info] Waiting for authentication...
[debug] [2021-05-25T14:28:19.998Z] >>> HTTP REQUEST POST https://github.com/login/oauth/access_token  
 {"client_id":"89cf50f02ac6aaed3484","client_secret":"3330d14abc895d9a74d5f17cd7a00711fa2c5bf0","code":"78bfb8883aa780127541","redirect_uri":"http://localhost:9005","state":"749298633"}
[debug] [2021-05-25T14:28:20.410Z] <<< HTTP RESPONSE 200 {"server":"GitHub.com","date":"Tue, 25 May 2021 14:28:20 GMT","content-type":"application/json; charset=utf-8","transfer-encoding":"chunked","vary":"X-PJAX, Accept-Encoding, Accept, X-Requested-With","permissions-policy":"interest-cohort=()","etag":"W/\"f32ea48b14ae684d64e4fcb218a66090\"","cache-control":"max-age=0, private, must-revalidate","strict-transport-security":"max-age=31536000; includeSubdomains; preload","x-frame-options":"deny","x-content-type-options":"nosniff","x-xss-protection":"0","referrer-policy":"origin-when-cross-origin, strict-origin-when-cross-origin","expect-ct":"max-age=2592000, report-uri=\"https://api.github.com/_private/browser/errors\"","content-security-policy":"default-src 'none'; base-uri 'self'; block-all-mixed-content; connect-src 'self' uploads.github.com www.githubstatus.com collector.githubapp.com api.github.com github-cloud.s3.amazonaws.com github-production-repository-file-5c1aeb.s3.amazonaws.com github-production-upload-manifest-file-7fdce7.s3.amazonaws.com github-production-user-asset-6210df.s3.amazonaws.com html-translator.herokuapp.com cdn.optimizely.com logx.optimizely.com/v1/events wss://alive.github.com; font-src github.githubassets.com; form-action 'self' github.com gist.github.com; frame-ancestors 'none'; frame-src render.githubusercontent.com; img-src 'self' data: github.githubassets.com identicons.github.com collector.githubapp.com github-cloud.s3.amazonaws.com secured-user-images.githubusercontent.com/ *.githubusercontent.com; manifest-src 'self'; media-src 'none'; script-src github.githubassets.com; style-src 'unsafe-inline' github.githubassets.com; worker-src github.com/socket-worker-3f088aa2.js gist.github.com/socket-worker-3f088aa2.js","x-github-request-id":"3BCA:7C40:1F69797:34AC479:60AD0984"}
[debug] [2021-05-25T14:28:20.414Z] >>> [apiv2][query] GET https://api.github.com/user [none]
[debug] [2021-05-25T14:28:20.774Z] <<< [apiv2][status] GET https://api.github.com/user 200
[debug] [2021-05-25T14:28:20.774Z] <<< [apiv2][body] GET https://api.github.com/user {"login":"PabloHdzVizcarra","id":55292284,"node_id":"MDQ6VXNlcjU1MjkyMjg0","avatar_url":"https://avatars.githubusercontent.com/u/55292284?v=4","gravatar_id":"","url":"https://api.github.com/users/PabloHdzVizcarra","html_url":"https://github.com/PabloHdzVizcarra","followers_url":"https://api.github.com/users/PabloHdzVizcarra/followers","following_url":"https://api.github.com/users/PabloHdzVizcarra/following{/other_user}","gists_url":"https://api.github.com/users/PabloHdzVizcarra/gists{/gist_id}","starred_url":"https://api.github.com/users/PabloHdzVizcarra/starred{/owner}{/repo}","subscriptions_url":"https://api.github.com/users/PabloHdzVizcarra/subscriptions","organizations_url":"https://api.github.com/users/PabloHdzVizcarra/orgs","repos_url":"https://api.github.com/users/PabloHdzVizcarra/repos","events_url":"https://api.github.com/users/PabloHdzVizcarra/events{/privacy}","received_events_url":"https://api.github.com/users/PabloHdzVizcarra/received_events","type":"User","site_admin":false,"name":"Pablo Hernandez","company":null,"blog":"https://pablo-hernandez-vizcarra.netlify.app/","location":"Mexico","email":null,"hireable":true,"bio":"Web Developer","twitter_username":null,"public_repos":71,"public_gists":15,"followers":7,"following":26,"created_at":"2019-09-13T16:57:45Z","updated_at":"2021-05-25T14:28:19Z","private_gists":14,"total_private_repos":8,"owned_private_repos":8,"disk_usage":61827,"collaborators":0,"two_factor_authentication":false,"plan":{"name":"free","space":976562499,"collaborators":0,"private_repos":10000}}
[info] 
[info] ✔  Success! Logged into GitHub as PabloHdzVizcarra 
[info] 
